  pch.cpp
c1xx : warning C4199: two-phase name lookup is not supported for C++/CLI, C++/CX, or OpenMP; use /Zc:twoPhase-
  ARI.cc
c1xx : warning C4199: two-phase name lookup is not supported for C++/CLI, C++/CX, or OpenMP; use /Zc:twoPhase-
  BWT.cc
c1xx : warning C4199: two-phase name lookup is not supported for C++/CLI, C++/CX, or OpenMP; use /Zc:twoPhase-
c:\users\pikum\source\repos\ppprojectfinal_wop\ppprojectfinal\bwt.cc(161): warning C4244: '=': conversion from 'short' to '_Ty', possible loss of data
          with
          [
              _Ty=unsigned char
          ]
c:\users\pikum\source\repos\ppprojectfinal_wop\ppprojectfinal\bwt.cc(164): warning C4244: '=': conversion from 'short' to '_Ty', possible loss of data
          with
          [
              _Ty=unsigned char
          ]
c:\users\pikum\source\repos\ppprojectfinal_wop\ppprojectfinal\bwt.cc(246): warning C4267: '=': conversion from 'size_t' to 'short', possible loss of data
  common.cc
c1xx : warning C4199: two-phase name lookup is not supported for C++/CLI, C++/CX, or OpenMP; use /Zc:twoPhase-
c:\users\pikum\source\repos\ppprojectfinal_wop\ppprojectfinal\common.cc(66): warning C4554: '<<': check operator precedence for possible error; use parentheses to clarify precedence
  MTF.cc
c1xx : warning C4199: two-phase name lookup is not supported for C++/CLI, C++/CX, or OpenMP; use /Zc:twoPhase-
c:\users\pikum\source\repos\ppprojectfinal_wop\ppprojectfinal\mtf.cc(26): warning C4267: '=': conversion from 'size_t' to '_Ty', possible loss of data
          with
          [
              _Ty=unsigned char
          ]
c:\users\pikum\source\repos\ppprojectfinal_wop\ppprojectfinal\mtf.cc(34): warning C4267: 'argument': conversion from 'size_t' to 'const T1', possible loss of data
          with
          [
              T1=unsigned char
          ]
c:\users\pikum\source\repos\ppprojectfinal_wop\ppprojectfinal\mtf.cc(189): warning C4267: '=': conversion from 'size_t' to 'unsigned char', possible loss of data
  main.cpp
c1xx : warning C4199: two-phase name lookup is not supported for C++/CLI, C++/CX, or OpenMP; use /Zc:twoPhase-
c:\users\pikum\source\repos\ppprojectfinal_wop\ppprojectfinal\main.cpp(24): warning C4018: '<': signed/unsigned mismatch
c:\users\pikum\source\repos\ppprojectfinal_wop\ppprojectfinal\main.cpp(41): warning C4018: '<': signed/unsigned mismatch
c:\users\pikum\source\repos\ppprojectfinal_wop\ppprojectfinal\main.cpp(57): warning C4018: '<': signed/unsigned mismatch
  file.cpp
c1xx : warning C4199: two-phase name lookup is not supported for C++/CLI, C++/CX, or OpenMP; use /Zc:twoPhase-
c:\users\pikum\source\repos\ppprojectfinal_wop\ppprojectfinal\file.cpp(38): warning C4018: '<': signed/unsigned mismatch
  stageWrappers.cpp
c1xx : warning C4199: two-phase name lookup is not supported for C++/CLI, C++/CX, or OpenMP; use /Zc:twoPhase-
  utils.cpp
c1xx : warning C4199: two-phase name lookup is not supported for C++/CLI, C++/CX, or OpenMP; use /Zc:twoPhase-
  ZLE.cc
c1xx : warning C4199: two-phase name lookup is not supported for C++/CLI, C++/CX, or OpenMP; use /Zc:twoPhase-
  Generating Code...
  PPprojectFinal.vcxproj -> C:\Users\pikum\source\repos\PPprojectFinal_WoP\Debug\PPprojectFinal.exe
